running egg_info
creating ../../build/turtle_py_pkg/turtle_py_pkg.egg-info
writing ../../build/turtle_py_pkg/turtle_py_pkg.egg-info/PKG-INFO
writing dependency_links to ../../build/turtle_py_pkg/turtle_py_pkg.egg-info/dependency_links.txt
writing entry points to ../../build/turtle_py_pkg/turtle_py_pkg.egg-info/entry_points.txt
writing requirements to ../../build/turtle_py_pkg/turtle_py_pkg.egg-info/requires.txt
writing top-level names to ../../build/turtle_py_pkg/turtle_py_pkg.egg-info/top_level.txt
writing manifest file '../../build/turtle_py_pkg/turtle_py_pkg.egg-info/SOURCES.txt'
reading manifest file '../../build/turtle_py_pkg/turtle_py_pkg.egg-info/SOURCES.txt'
writing manifest file '../../build/turtle_py_pkg/turtle_py_pkg.egg-info/SOURCES.txt'
running build
running build_py
creating /home/ilosk/ros2_ws/build/turtle_py_pkg/build
creating /home/ilosk/ros2_ws/build/turtle_py_pkg/build/lib
creating /home/ilosk/ros2_ws/build/turtle_py_pkg/build/lib/turtle_py_pkg
copying turtle_py_pkg/__init__.py -> /home/ilosk/ros2_ws/build/turtle_py_pkg/build/lib/turtle_py_pkg
copying turtle_py_pkg/demo.py -> /home/ilosk/ros2_ws/build/turtle_py_pkg/build/lib/turtle_py_pkg
running install
running install_lib
creating /home/ilosk/ros2_ws/install/turtle_py_pkg/lib/python3.12/site-packages/turtle_py_pkg
copying /home/ilosk/ros2_ws/build/turtle_py_pkg/build/lib/turtle_py_pkg/__init__.py -> /home/ilosk/ros2_ws/install/turtle_py_pkg/lib/python3.12/site-packages/turtle_py_pkg
copying /home/ilosk/ros2_ws/build/turtle_py_pkg/build/lib/turtle_py_pkg/demo.py -> /home/ilosk/ros2_ws/install/turtle_py_pkg/lib/python3.12/site-packages/turtle_py_pkg
byte-compiling /home/ilosk/ros2_ws/install/turtle_py_pkg/lib/python3.12/site-packages/turtle_py_pkg/__init__.py to __init__.cpython-312.pyc
byte-compiling /home/ilosk/ros2_ws/install/turtle_py_pkg/lib/python3.12/site-packages/turtle_py_pkg/demo.py to demo.cpython-312.pyc
running install_data
creating /home/ilosk/ros2_ws/install/turtle_py_pkg/share/ament_index
creating /home/ilosk/ros2_ws/install/turtle_py_pkg/share/ament_index/resource_index
creating /home/ilosk/ros2_ws/install/turtle_py_pkg/share/ament_index/resource_index/packages
copying resource/turtle_py_pkg -> /home/ilosk/ros2_ws/install/turtle_py_pkg/share/ament_index/resource_index/packages
copying package.xml -> /home/ilosk/ros2_ws/install/turtle_py_pkg/share/turtle_py_pkg
running install_egg_info
Copying ../../build/turtle_py_pkg/turtle_py_pkg.egg-info to /home/ilosk/ros2_ws/install/turtle_py_pkg/lib/python3.12/site-packages/turtle_py_pkg-0.0.0-py3.12.egg-info
running install_scripts
Installing publisher script to /home/ilosk/ros2_ws/install/turtle_py_pkg/lib/turtle_py_pkg
writing list of installed files to '/home/ilosk/ros2_ws/build/turtle_py_pkg/install.log'
