[1.358s] Invoking command in '/home/ilosk/ros2_ws/src/turtle_py_pkg': DEBUGINFOD_URLS=https://debuginfod.ubuntu.com PYTHONPATH=/home/ilosk/ros2_ws/build/turtle_py_pkg/prefix_override:/usr/lib/python3/dist-packages/colcon_core/task/python/colcon_distutils_commands:/home/ilosk/ros2_ws/install/turtle_py_pkg/lib/python3.12/site-packages:${PYTHONPATH} /usr/bin/python3 -W ignore:setup.py install is deprecated -W ignore:easy_install command is deprecated setup.py egg_info --egg-base ../../build/turtle_py_pkg build --build-base /home/ilosk/ros2_ws/build/turtle_py_pkg/build install --record /home/ilosk/ros2_ws/build/turtle_py_pkg/install.log --single-version-externally-managed install_data
[1.759s] running egg_info
[1.759s] creating ../../build/turtle_py_pkg/turtle_py_pkg.egg-info
[1.790s] writing ../../build/turtle_py_pkg/turtle_py_pkg.egg-info/PKG-INFO
[1.790s] writing dependency_links to ../../build/turtle_py_pkg/turtle_py_pkg.egg-info/dependency_links.txt
[1.791s] writing entry points to ../../build/turtle_py_pkg/turtle_py_pkg.egg-info/entry_points.txt
[1.791s] writing requirements to ../../build/turtle_py_pkg/turtle_py_pkg.egg-info/requires.txt
[1.791s] writing top-level names to ../../build/turtle_py_pkg/turtle_py_pkg.egg-info/top_level.txt
[1.791s] writing manifest file '../../build/turtle_py_pkg/turtle_py_pkg.egg-info/SOURCES.txt'
[1.853s] reading manifest file '../../build/turtle_py_pkg/turtle_py_pkg.egg-info/SOURCES.txt'
[1.854s] writing manifest file '../../build/turtle_py_pkg/turtle_py_pkg.egg-info/SOURCES.txt'
[1.854s] running build
[1.854s] running build_py
[1.855s] creating /home/ilosk/ros2_ws/build/turtle_py_pkg/build
[1.855s] creating /home/ilosk/ros2_ws/build/turtle_py_pkg/build/lib
[1.855s] creating /home/ilosk/ros2_ws/build/turtle_py_pkg/build/lib/turtle_py_pkg
[1.855s] copying turtle_py_pkg/__init__.py -> /home/ilosk/ros2_ws/build/turtle_py_pkg/build/lib/turtle_py_pkg
[1.855s] copying turtle_py_pkg/demo.py -> /home/ilosk/ros2_ws/build/turtle_py_pkg/build/lib/turtle_py_pkg
[1.856s] running install
[1.864s] running install_lib
[1.895s] creating /home/ilosk/ros2_ws/install/turtle_py_pkg/lib/python3.12/site-packages/turtle_py_pkg
[1.896s] copying /home/ilosk/ros2_ws/build/turtle_py_pkg/build/lib/turtle_py_pkg/__init__.py -> /home/ilosk/ros2_ws/install/turtle_py_pkg/lib/python3.12/site-packages/turtle_py_pkg
[1.896s] copying /home/ilosk/ros2_ws/build/turtle_py_pkg/build/lib/turtle_py_pkg/demo.py -> /home/ilosk/ros2_ws/install/turtle_py_pkg/lib/python3.12/site-packages/turtle_py_pkg
[1.896s] byte-compiling /home/ilosk/ros2_ws/install/turtle_py_pkg/lib/python3.12/site-packages/turtle_py_pkg/__init__.py to __init__.cpython-312.pyc
[1.896s] byte-compiling /home/ilosk/ros2_ws/install/turtle_py_pkg/lib/python3.12/site-packages/turtle_py_pkg/demo.py to demo.cpython-312.pyc
[1.897s] running install_data
[1.897s] creating /home/ilosk/ros2_ws/install/turtle_py_pkg/share/ament_index
[1.897s] creating /home/ilosk/ros2_ws/install/turtle_py_pkg/share/ament_index/resource_index
[1.898s] creating /home/ilosk/ros2_ws/install/turtle_py_pkg/share/ament_index/resource_index/packages
[1.898s] copying resource/turtle_py_pkg -> /home/ilosk/ros2_ws/install/turtle_py_pkg/share/ament_index/resource_index/packages
[1.898s] copying package.xml -> /home/ilosk/ros2_ws/install/turtle_py_pkg/share/turtle_py_pkg
[1.898s] running install_egg_info
[1.931s] Copying ../../build/turtle_py_pkg/turtle_py_pkg.egg-info to /home/ilosk/ros2_ws/install/turtle_py_pkg/lib/python3.12/site-packages/turtle_py_pkg-0.0.0-py3.12.egg-info
[1.932s] running install_scripts
[2.133s] Installing publisher script to /home/ilosk/ros2_ws/install/turtle_py_pkg/lib/turtle_py_pkg
[2.133s] writing list of installed files to '/home/ilosk/ros2_ws/build/turtle_py_pkg/install.log'
[2.187s] Invoked command in '/home/ilosk/ros2_ws/src/turtle_py_pkg' returned '0': DEBUGINFOD_URLS=https://debuginfod.ubuntu.com PYTHONPATH=/home/ilosk/ros2_ws/build/turtle_py_pkg/prefix_override:/usr/lib/python3/dist-packages/colcon_core/task/python/colcon_distutils_commands:/home/ilosk/ros2_ws/install/turtle_py_pkg/lib/python3.12/site-packages:${PYTHONPATH} /usr/bin/python3 -W ignore:setup.py install is deprecated -W ignore:easy_install command is deprecated setup.py egg_info --egg-base ../../build/turtle_py_pkg build --build-base /home/ilosk/ros2_ws/build/turtle_py_pkg/build install --record /home/ilosk/ros2_ws/build/turtle_py_pkg/install.log --single-version-externally-managed install_data
